<?xml version="1.0" encoding="UTF-8"?>
<testsuite xmlns:xsi="http://www.w3.org/2001/XMLSchema-instance" xsi:noNamespaceSchemaLocation="https://maven.apache.org/surefire/maven-surefire-plugin/xsd/surefire-test-report.xsd" name="com.himart.restservicecors.GreetingIntegrationTests" time="14.818" tests="2" errors="0" skipped="0" failures="0">
  <properties>
[...]
</properties>
  <testcase name="corsWithJavaconfig" classname="com.himart.restservicecors.GreetingIntegrationTests" time="0.713"/>
  <testcase name="corsWithAnnotation" classname="com.himart.restservicecors.GreetingIntegrationTests" time="0.003"/>
</testsuite>